【XDD288】 2019-09-13 [main] INFO  cn.xdd.SpringbootApplication - Starting SpringbootApplication on LAPTOP-0NU5IA0Q with PID 24188 (D:\Workspace\IntelliJ_IDEA\springboot\target\classes started by XDD in D:\Workspace\IntelliJ_IDEA\springboot)
【XDD288】 2019-09-13 [main] INFO  cn.xdd.SpringbootApplication - The following profiles are active: dev
【XDD288】 2019-09-13 [main] INFO  o.s.boot.web.embedded.tomcat.TomcatWebServer - Tomcat initialized with port(s): 8888 (http)
【XDD288】 2019-09-13 [main] INFO  org.apache.catalina.core.StandardService - Starting service [Tomcat]
【XDD288】 2019-09-13 [main] INFO  org.apache.catalina.core.StandardEngine - Starting Servlet engine: [Apache Tomcat/9.0.24]
【XDD288】 2019-09-13 [main] INFO  o.a.c.c.ContainerBase.[Tomcat].[localhost].[/xdd] - Initializing Spring embedded WebApplicationContext
【XDD288】 2019-09-13 [main] INFO  org.springframework.web.context.ContextLoader - Root WebApplicationContext: initialization completed in 1973 ms
【XDD288】 2019-09-13 [main] INFO  c.x.c.HelloConfig$$EnhancerBySpringCGLIB$$915225b2 - HelloService，开始装配
【XDD288】 2019-09-13 [main] INFO  c.x.c.HelloConfig$$EnhancerBySpringCGLIB$$915225b2 - HelloService加入容器成功。
【XDD288】 2019-09-13 [main] INFO  o.s.scheduling.concurrent.ThreadPoolTaskExecutor - Initializing ExecutorService 'applicationTaskExecutor'
【XDD288】 2019-09-13 [main] INFO  o.s.b.a.web.servlet.WelcomePageHandlerMapping - Adding welcome page template: index
【XDD288】 2019-09-13 [main] INFO  o.s.boot.web.embedded.tomcat.TomcatWebServer - Tomcat started on port(s): 8888 (http) with context path '/xdd'
【XDD288】 2019-09-13 [main] INFO  cn.xdd.SpringbootApplication - Started SpringbootApplication in 3.13 seconds (JVM running for 4.335)
【XDD288】 2019-09-13 [http-nio-8888-exec-1] INFO  o.a.c.c.ContainerBase.[Tomcat].[localhost].[/xdd] - Initializing Spring DispatcherServlet 'dispatcherServlet'
【XDD288】 2019-09-13 [http-nio-8888-exec-1] INFO  org.springframework.web.servlet.DispatcherServlet - Initializing Servlet 'dispatcherServlet'
【XDD288】 2019-09-13 [http-nio-8888-exec-1] INFO  org.springframework.web.servlet.DispatcherServlet - Completed initialization in 5 ms
【XDD288】 2019-09-13 [main] INFO  cn.xdd.SpringbootApplication - Starting SpringbootApplication on LAPTOP-0NU5IA0Q with PID 5316 (D:\Workspace\IntelliJ_IDEA\springboot\target\classes started by XDD in D:\Workspace\IntelliJ_IDEA\springboot)
【XDD288】 2019-09-13 [main] INFO  cn.xdd.SpringbootApplication - The following profiles are active: dev
【XDD288】 2019-09-13 [main] INFO  o.s.boot.web.embedded.tomcat.TomcatWebServer - Tomcat initialized with port(s): 8888 (http)
【XDD288】 2019-09-13 [main] INFO  org.apache.catalina.core.StandardService - Starting service [Tomcat]
【XDD288】 2019-09-13 [main] INFO  org.apache.catalina.core.StandardEngine - Starting Servlet engine: [Apache Tomcat/9.0.24]
【XDD288】 2019-09-13 [main] INFO  o.a.c.c.ContainerBase.[Tomcat].[localhost].[/xdd] - Initializing Spring embedded WebApplicationContext
【XDD288】 2019-09-13 [main] INFO  org.springframework.web.context.ContextLoader - Root WebApplicationContext: initialization completed in 1883 ms
【XDD288】 2019-09-13 [main] INFO  c.x.c.HelloConfig$$EnhancerBySpringCGLIB$$e357b085 - HelloService，开始装配
【XDD288】 2019-09-13 [main] INFO  c.x.c.HelloConfig$$EnhancerBySpringCGLIB$$e357b085 - HelloService加入容器成功。
【XDD288】 2019-09-13 [main] INFO  o.s.scheduling.concurrent.ThreadPoolTaskExecutor - Initializing ExecutorService 'applicationTaskExecutor'
【XDD288】 2019-09-13 [main] INFO  o.s.b.a.web.servlet.WelcomePageHandlerMapping - Adding welcome page template: index
【XDD288】 2019-09-13 [main] INFO  o.s.boot.web.embedded.tomcat.TomcatWebServer - Tomcat started on port(s): 8888 (http) with context path '/xdd'
【XDD288】 2019-09-13 [main] INFO  cn.xdd.SpringbootApplication - Started SpringbootApplication in 2.993 seconds (JVM running for 4.092)
【XDD288】 2019-09-13 [http-nio-8888-exec-1] INFO  o.a.c.c.ContainerBase.[Tomcat].[localhost].[/xdd] - Initializing Spring DispatcherServlet 'dispatcherServlet'
【XDD288】 2019-09-13 [http-nio-8888-exec-1] INFO  org.springframework.web.servlet.DispatcherServlet - Initializing Servlet 'dispatcherServlet'
【XDD288】 2019-09-13 [http-nio-8888-exec-1] INFO  org.springframework.web.servlet.DispatcherServlet - Completed initialization in 4 ms
【XDD288】 2019-09-13 [main] INFO  cn.xdd.SpringbootApplication - Starting SpringbootApplication on LAPTOP-0NU5IA0Q with PID 23208 (D:\Workspace\IntelliJ_IDEA\springboot\target\classes started by XDD in D:\Workspace\IntelliJ_IDEA\springboot)
【XDD288】 2019-09-13 [main] INFO  cn.xdd.SpringbootApplication - The following profiles are active: dev
【XDD288】 2019-09-13 [main] INFO  o.s.boot.web.embedded.tomcat.TomcatWebServer - Tomcat initialized with port(s): 8888 (http)
【XDD288】 2019-09-13 [main] INFO  org.apache.catalina.core.StandardService - Starting service [Tomcat]
【XDD288】 2019-09-13 [main] INFO  org.apache.catalina.core.StandardEngine - Starting Servlet engine: [Apache Tomcat/9.0.24]
【XDD288】 2019-09-13 [main] INFO  o.a.c.c.ContainerBase.[Tomcat].[localhost].[/xdd] - Initializing Spring embedded WebApplicationContext
【XDD288】 2019-09-13 [main] INFO  org.springframework.web.context.ContextLoader - Root WebApplicationContext: initialization completed in 1529 ms
【XDD288】 2019-09-13 [main] INFO  c.x.c.HelloConfig$$EnhancerBySpringCGLIB$$feae1b96 - HelloService，开始装配
【XDD288】 2019-09-13 [main] INFO  c.x.c.HelloConfig$$EnhancerBySpringCGLIB$$feae1b96 - HelloService加入容器成功。
【XDD288】 2019-09-13 [main] INFO  o.s.scheduling.concurrent.ThreadPoolTaskExecutor - Initializing ExecutorService 'applicationTaskExecutor'
【XDD288】 2019-09-13 [main] INFO  o.s.b.a.web.servlet.WelcomePageHandlerMapping - Adding welcome page template: index
【XDD288】 2019-09-13 [main] INFO  o.s.boot.web.embedded.tomcat.TomcatWebServer - Tomcat started on port(s): 8888 (http) with context path '/xdd'
【XDD288】 2019-09-13 [main] INFO  cn.xdd.SpringbootApplication - Started SpringbootApplication in 2.683 seconds (JVM running for 3.903)
【XDD288】 2019-09-13 [http-nio-8888-exec-1] INFO  o.a.c.c.ContainerBase.[Tomcat].[localhost].[/xdd] - Initializing Spring DispatcherServlet 'dispatcherServlet'
【XDD288】 2019-09-13 [http-nio-8888-exec-1] INFO  org.springframework.web.servlet.DispatcherServlet - Initializing Servlet 'dispatcherServlet'
【XDD288】 2019-09-13 [http-nio-8888-exec-1] INFO  org.springframework.web.servlet.DispatcherServlet - Completed initialization in 9 ms
【XDD288】 2019-09-13 [main] INFO  cn.xdd.SpringbootApplication - Starting SpringbootApplication on LAPTOP-0NU5IA0Q with PID 4332 (D:\Workspace\IntelliJ_IDEA\springboot\target\classes started by XDD in D:\Workspace\IntelliJ_IDEA\springboot)
【XDD288】 2019-09-13 [main] INFO  cn.xdd.SpringbootApplication - The following profiles are active: dev
【XDD288】 2019-09-13 [main] INFO  o.s.boot.web.embedded.tomcat.TomcatWebServer - Tomcat initialized with port(s): 8888 (http)
【XDD288】 2019-09-13 [main] INFO  org.apache.catalina.core.StandardService - Starting service [Tomcat]
【XDD288】 2019-09-13 [main] INFO  org.apache.catalina.core.StandardEngine - Starting Servlet engine: [Apache Tomcat/9.0.24]
【XDD288】 2019-09-13 [main] INFO  o.a.c.c.ContainerBase.[Tomcat].[localhost].[/xdd] - Initializing Spring embedded WebApplicationContext
【XDD288】 2019-09-13 [main] INFO  org.springframework.web.context.ContextLoader - Root WebApplicationContext: initialization completed in 2286 ms
【XDD288】 2019-09-13 [main] INFO  c.x.c.HelloConfig$$EnhancerBySpringCGLIB$$dadaf8e1 - HelloService，开始装配
【XDD288】 2019-09-13 [main] INFO  c.x.c.HelloConfig$$EnhancerBySpringCGLIB$$dadaf8e1 - HelloService加入容器成功。
【XDD288】 2019-09-13 [main] INFO  o.s.scheduling.concurrent.ThreadPoolTaskExecutor - Initializing ExecutorService 'applicationTaskExecutor'
【XDD288】 2019-09-13 [main] INFO  o.s.b.a.web.servlet.WelcomePageHandlerMapping - Adding welcome page template: index
【XDD288】 2019-09-13 [main] INFO  o.s.boot.web.embedded.tomcat.TomcatWebServer - Tomcat started on port(s): 8888 (http) with context path '/xdd'
【XDD288】 2019-09-13 [main] INFO  cn.xdd.SpringbootApplication - Started SpringbootApplication in 3.699 seconds (JVM running for 4.925)
【XDD288】 2019-09-13 [http-nio-8888-exec-1] INFO  o.a.c.c.ContainerBase.[Tomcat].[localhost].[/xdd] - Initializing Spring DispatcherServlet 'dispatcherServlet'
【XDD288】 2019-09-13 [http-nio-8888-exec-1] INFO  org.springframework.web.servlet.DispatcherServlet - Initializing Servlet 'dispatcherServlet'
【XDD288】 2019-09-13 [http-nio-8888-exec-1] INFO  org.springframework.web.servlet.DispatcherServlet - Completed initialization in 6 ms
